<?xml version="1.0" encoding="UTF-8"?>
<!-- Generated by org.testng.reporters.JUnitReportReporter -->
<testsuite hostname="PC177" failures="0" tests="3" name="demo_qa.Login" time="6.041" errors="0" timestamp="2025-01-05T11:11:42 EST" skipped="0">
  <testcase classname="demo_qa.Login" name="Verify_Login_with_Invalid_credential" time="2.015"/>
  <system-out/>
  <testcase classname="demo_qa.Login" name="Verify_user_can_log_in_with_valid_credential" time="1.906"/>
  <system-out/>
  <testcase classname="demo_qa.Login" name="Verify_Logout" time="2.120"/>
  <system-out/>
</testsuite> <!-- demo_qa.Login -->
